
* Info: "ref-cycles" not supported on fixot-brendan-MS-7C02: fallback to "cpu-clock"X size : 147950
y size : 14795
Train size : 118360
X_train size : 118360
y_train size : 11836
X_test size : 29590
y_test size : 2959

Generation of default values : 
Default for splitting criteria (MSE)
Default for comparing trees (MSE)
Default number of trees to generate : 20
Default maximum depth = 60
Default minimum sample split = 2
Default minimum impurity decrease = 1e-06
Default amount of threads used : 1
Training a Bagging model, please wait...
Bagging process started, please wait...
Training process started, please wait...
Training time: 2.98266 seconds
Evaluation time: 0.0198025 seconds
Model score with Bagging Mean Squared Error (MSE):  : 0.000164756

Feature importance :
------------------------------
             p3          76.60
             p6           6.94
             p4           6.64
             p1           2.79
  matrix_size_x           1.94
             p5           1.49
             p8           1.39
             p7           0.99
  matrix_size_y           0.88
             p2           0.34

Would you like to genarate a visualisation of this model? (1 = Yes, 0 = No): 
* Info: Dumping samples (host fixot-brendan-MS-7C02, process 36525)
* Info: Dumping source info for callchain nodes (host fixot-brendan-MS-7C02, process 36525)
* Info: Building/writing metadata (host fixot-brendan-MS-7C02)
* Info: Finished collect step (host fixot-brendan-MS-7C02, process 36525)

Your experiment path is /home/fixot-brendan/Desktop/decision_tree_ensemble_model/build/exp_bagging_opti/tools/lprof_npsu_run_0

To display your profiling results:
##################################################################################################################################################################
#    LEVEL    |     REPORT     |                                                             COMMAND                                                             #
##################################################################################################################################################################
#  Functions  |  Cluster-wide  |  maqao lprof -df xp=/home/fixot-brendan/Desktop/decision_tree_ensemble_model/build/exp_bagging_opti/tools/lprof_npsu_run_0      #
#  Functions  |  Per-node      |  maqao lprof -df -dn xp=/home/fixot-brendan/Desktop/decision_tree_ensemble_model/build/exp_bagging_opti/tools/lprof_npsu_run_0  #
#  Functions  |  Per-process   |  maqao lprof -df -dp xp=/home/fixot-brendan/Desktop/decision_tree_ensemble_model/build/exp_bagging_opti/tools/lprof_npsu_run_0  #
#  Functions  |  Per-thread    |  maqao lprof -df -dt xp=/home/fixot-brendan/Desktop/decision_tree_ensemble_model/build/exp_bagging_opti/tools/lprof_npsu_run_0  #
#  Loops      |  Cluster-wide  |  maqao lprof -dl xp=/home/fixot-brendan/Desktop/decision_tree_ensemble_model/build/exp_bagging_opti/tools/lprof_npsu_run_0      #
#  Loops      |  Per-node      |  maqao lprof -dl -dn xp=/home/fixot-brendan/Desktop/decision_tree_ensemble_model/build/exp_bagging_opti/tools/lprof_npsu_run_0  #
#  Loops      |  Per-process   |  maqao lprof -dl -dp xp=/home/fixot-brendan/Desktop/decision_tree_ensemble_model/build/exp_bagging_opti/tools/lprof_npsu_run_0  #
#  Loops      |  Per-thread    |  maqao lprof -dl -dt xp=/home/fixot-brendan/Desktop/decision_tree_ensemble_model/build/exp_bagging_opti/tools/lprof_npsu_run_0  #
##################################################################################################################################################################

