
* Info: "ref-cycles" not supported on fixot-brendan-MS-7C02: fallback to "cpu-clock"Generation of default values : 
Default for splitting criteria (MSE)
Default for comparing trees (MSE)
Default number of trees to generate : 20
Default maximum depth = 60
Default minimum sample split = 2
Default minimum impurity decrease = 1e-6
Bagging process started, please wait...
Training using MSE.
Training using MSE.
Training using MSE.
Training using MSE.
Training using MSE.
Training using MSE.
Training using MSE.
Training using MSE.
Training using MSE.
Training using MSE.
Training using MSE.
Training using MSE.
Training using MSE.
Training using MSE.
Training using MSE.
Training using MSE.
Training using MSE.
Training using MSE.
Training using MSE.
Training using MSE.
Training time (Bagging): 8.4975 seconds
Evaluation time (Bagging): 0.0208601 seconds
Bagging Mean Squared Error (MSE): 0.000149834

Feature importance :
------------------------------
             p3          47.32
             p6          20.91
             p4          16.69
             p1          11.62
             p5           4.65
             p8           3.49
  matrix_size_y           1.87
             p2           1.80
  matrix_size_x           0.25
             p7          -8.61


* Info: Dumping samples (host fixot-brendan-MS-7C02, process 31257)
* Info: Dumping source info for callchain nodes (host fixot-brendan-MS-7C02, process 31257)
* Info: Building/writing metadata (host fixot-brendan-MS-7C02)
* Info: Finished collect step (host fixot-brendan-MS-7C02, process 31257)

Your experiment path is /home/fixot-brendan/Desktop/decision_tree_ensemble_model/build/exp_bagging/tools/lprof_npsu_run_0

To display your profiling results:
#############################################################################################################################################################
#    LEVEL    |     REPORT     |                                                          COMMAND                                                           #
#############################################################################################################################################################
#  Functions  |  Cluster-wide  |  maqao lprof -df xp=/home/fixot-brendan/Desktop/decision_tree_ensemble_model/build/exp_bagging/tools/lprof_npsu_run_0      #
#  Functions  |  Per-node      |  maqao lprof -df -dn xp=/home/fixot-brendan/Desktop/decision_tree_ensemble_model/build/exp_bagging/tools/lprof_npsu_run_0  #
#  Functions  |  Per-process   |  maqao lprof -df -dp xp=/home/fixot-brendan/Desktop/decision_tree_ensemble_model/build/exp_bagging/tools/lprof_npsu_run_0  #
#  Functions  |  Per-thread    |  maqao lprof -df -dt xp=/home/fixot-brendan/Desktop/decision_tree_ensemble_model/build/exp_bagging/tools/lprof_npsu_run_0  #
#  Loops      |  Cluster-wide  |  maqao lprof -dl xp=/home/fixot-brendan/Desktop/decision_tree_ensemble_model/build/exp_bagging/tools/lprof_npsu_run_0      #
#  Loops      |  Per-node      |  maqao lprof -dl -dn xp=/home/fixot-brendan/Desktop/decision_tree_ensemble_model/build/exp_bagging/tools/lprof_npsu_run_0  #
#  Loops      |  Per-process   |  maqao lprof -dl -dp xp=/home/fixot-brendan/Desktop/decision_tree_ensemble_model/build/exp_bagging/tools/lprof_npsu_run_0  #
#  Loops      |  Per-thread    |  maqao lprof -dl -dt xp=/home/fixot-brendan/Desktop/decision_tree_ensemble_model/build/exp_bagging/tools/lprof_npsu_run_0  #
#############################################################################################################################################################

